[14:58:58] [Server thread/INFO]: Starting minecraft server version 1.12.2
[14:58:58] [Server thread/INFO]: Loading properties
[14:58:58] [Server thread/INFO]: Default game type: SURVIVAL
[14:58:58] [Server thread/INFO]: This server is running Paper version git-Paper-1620 (MC: 1.12.2) (Implementing API version 1.12.2-R0.1-SNAPSHOT)
[14:58:58] [Server thread/INFO]: Debug logging is disabled
[14:58:58] [Server thread/INFO]: Server Ping Player Sample Count: 12
[14:58:58] [Server thread/INFO]: Using 4 threads for Netty based IO
[14:58:58] [Server thread/INFO]: Generating keypair
[14:58:58] [Server thread/INFO]: Starting Minecraft server on localhost:25565
[14:58:58] [Server thread/INFO]: Using default channel type
[14:58:58] [Server thread/INFO]: Server permissions file permissions.yml is empty, ignoring it
[14:58:58] [Server thread/WARN]: **** SERVER IS RUNNING IN OFFLINE/INSECURE MODE!
[14:58:58] [Server thread/WARN]: The server will make no attempt to authenticate usernames. Beware.
[14:58:58] [Server thread/WARN]: While this makes the game possible to play without internet access, it also opens up the ability for hackers to connect with any username they choose.
[14:58:58] [Server thread/WARN]: To change this, set "online-mode" to "true" in the server.properties file.
[14:58:58] [Server thread/INFO]: **** Beginning UUID conversion, this may take A LONG time ****
[14:58:58] [Server thread/INFO]: Preparing level "world"
[14:58:58] [Server thread/INFO]: -------- World Settings For [world] --------
[14:58:58] [Server thread/INFO]: Mob Spawn Range: 4
[14:58:58] [Server thread/INFO]: Cactus Growth Modifier: 100%
[14:58:58] [Server thread/INFO]: Cane Growth Modifier: 100%
[14:58:58] [Server thread/INFO]: Melon Growth Modifier: 100%
[14:58:58] [Server thread/INFO]: Mushroom Growth Modifier: 100%
[14:58:58] [Server thread/INFO]: Pumpkin Growth Modifier: 100%
[14:58:58] [Server thread/INFO]: Sapling Growth Modifier: 100%
[14:58:58] [Server thread/INFO]: Wheat Growth Modifier: 100%
[14:58:58] [Server thread/INFO]: NetherWart Growth Modifier: 100%
[14:58:58] [Server thread/INFO]: Vine Growth Modifier: 100%
[14:58:58] [Server thread/INFO]: Cocoa Growth Modifier: 100%
[14:58:58] [Server thread/INFO]: Entity Activation Range: An 32 / Mo 32 / Mi 16 / Tiv true
[14:58:58] [Server thread/INFO]: Entity Tracking Range: Pl 48 / An 48 / Mo 48 / Mi 32 / Other 64
[14:58:58] [Server thread/INFO]: Hopper Transfer: 8 Hopper Check: 1 Hopper Amount: 1
[14:58:58] [Server thread/INFO]: Random Lighting Updates: false
[14:58:58] [Server thread/INFO]: Structure Info Saving: true
[14:58:58] [Server thread/INFO]: Custom Map Seeds:  Village: 10387312 Feature: 14357617 Monument: 10387313 Slime: 987234911
[14:58:58] [Server thread/INFO]: Max TNT Explosions: 100
[14:58:58] [Server thread/INFO]: Tile Max Tick Time: 50ms Entity max Tick Time: 50ms
[14:58:58] [Server thread/INFO]: Item Despawn Rate: 6000
[14:58:58] [Server thread/INFO]: Item Merge Radius: 2.5
[14:58:58] [Server thread/INFO]: View Distance: 4
[14:58:58] [Server thread/INFO]: Arrow Despawn Rate: 1200
[14:58:58] [Server thread/INFO]: Allow Zombie Pigmen to spawn from portal blocks: true
[14:58:58] [Server thread/INFO]: Experience Merge Radius: 3.0
[14:58:58] [Server thread/INFO]: Zombie Aggressive Towards Villager: true
[14:58:58] [Server thread/INFO]: Nerfing mobs spawned from spawners: false
[14:58:58] [Server thread/INFO]: -------- World Settings For [world_nether] --------
[14:58:58] [Server thread/INFO]: Mob Spawn Range: 4
[14:58:58] [Server thread/INFO]: Cactus Growth Modifier: 100%
[14:58:58] [Server thread/INFO]: Cane Growth Modifier: 100%
[14:58:58] [Server thread/INFO]: Melon Growth Modifier: 100%
[14:58:58] [Server thread/INFO]: Mushroom Growth Modifier: 100%
[14:58:58] [Server thread/INFO]: Pumpkin Growth Modifier: 100%
[14:58:58] [Server thread/INFO]: Sapling Growth Modifier: 100%
[14:58:58] [Server thread/INFO]: Wheat Growth Modifier: 100%
[14:58:58] [Server thread/INFO]: NetherWart Growth Modifier: 100%
[14:58:58] [Server thread/INFO]: Vine Growth Modifier: 100%
[14:58:58] [Server thread/INFO]: Cocoa Growth Modifier: 100%
[14:58:58] [Server thread/INFO]: Entity Activation Range: An 32 / Mo 32 / Mi 16 / Tiv true
[14:58:58] [Server thread/INFO]: Entity Tracking Range: Pl 48 / An 48 / Mo 48 / Mi 32 / Other 64
[14:58:58] [Server thread/INFO]: Hopper Transfer: 8 Hopper Check: 1 Hopper Amount: 1
[14:58:58] [Server thread/INFO]: Random Lighting Updates: false
[14:58:58] [Server thread/INFO]: Structure Info Saving: true
[14:58:58] [Server thread/INFO]: Custom Map Seeds:  Village: 10387312 Feature: 14357617 Monument: 10387313 Slime: 987234911
[14:58:58] [Server thread/INFO]: Max TNT Explosions: 100
[14:58:58] [Server thread/INFO]: Tile Max Tick Time: 50ms Entity max Tick Time: 50ms
[14:58:58] [Server thread/INFO]: Item Despawn Rate: 6000
[14:58:58] [Server thread/INFO]: Item Merge Radius: 2.5
[14:58:58] [Server thread/INFO]: View Distance: 4
[14:58:58] [Server thread/INFO]: Arrow Despawn Rate: 1200
[14:58:58] [Server thread/INFO]: Allow Zombie Pigmen to spawn from portal blocks: true
[14:58:58] [Server thread/INFO]: Experience Merge Radius: 3.0
[14:58:58] [Server thread/INFO]: Zombie Aggressive Towards Villager: true
[14:58:58] [Server thread/INFO]: Nerfing mobs spawned from spawners: false
[14:58:58] [Server thread/INFO]: -------- World Settings For [world_the_end] --------
[14:58:58] [Server thread/INFO]: Mob Spawn Range: 4
[14:58:58] [Server thread/INFO]: Cactus Growth Modifier: 100%
[14:58:58] [Server thread/INFO]: Cane Growth Modifier: 100%
[14:58:58] [Server thread/INFO]: Melon Growth Modifier: 100%
[14:58:58] [Server thread/INFO]: Mushroom Growth Modifier: 100%
[14:58:58] [Server thread/INFO]: Pumpkin Growth Modifier: 100%
[14:58:58] [Server thread/INFO]: Sapling Growth Modifier: 100%
[14:58:58] [Server thread/INFO]: Wheat Growth Modifier: 100%
[14:58:58] [Server thread/INFO]: NetherWart Growth Modifier: 100%
[14:58:58] [Server thread/INFO]: Vine Growth Modifier: 100%
[14:58:58] [Server thread/INFO]: Cocoa Growth Modifier: 100%
[14:58:58] [Server thread/INFO]: Entity Activation Range: An 32 / Mo 32 / Mi 16 / Tiv true
[14:58:58] [Server thread/INFO]: Entity Tracking Range: Pl 48 / An 48 / Mo 48 / Mi 32 / Other 64
[14:58:58] [Server thread/INFO]: Hopper Transfer: 8 Hopper Check: 1 Hopper Amount: 1
[14:58:58] [Server thread/INFO]: Random Lighting Updates: false
[14:58:58] [Server thread/INFO]: Structure Info Saving: true
[14:58:58] [Server thread/INFO]: Custom Map Seeds:  Village: 10387312 Feature: 14357617 Monument: 10387313 Slime: 987234911
[14:58:58] [Server thread/INFO]: Max TNT Explosions: 100
[14:58:58] [Server thread/INFO]: Tile Max Tick Time: 50ms Entity max Tick Time: 50ms
[14:58:58] [Server thread/INFO]: Item Despawn Rate: 6000
[14:58:58] [Server thread/INFO]: Item Merge Radius: 2.5
[14:58:58] [Server thread/INFO]: View Distance: 4
[14:58:58] [Server thread/INFO]: Arrow Despawn Rate: 1200
[14:58:58] [Server thread/INFO]: Allow Zombie Pigmen to spawn from portal blocks: true
[14:58:58] [Server thread/INFO]: Experience Merge Radius: 3.0
[14:58:58] [Server thread/INFO]: Zombie Aggressive Towards Villager: true
[14:58:58] [Server thread/INFO]: Nerfing mobs spawned from spawners: false
[14:58:58] [Server thread/INFO]: Preparing start region for level 0 (Seed: 3363996879746144656)
[14:58:58] [Server thread/INFO]: Preparing start region for level 1 (Seed: 3363996879746144656)
[14:58:58] [Server thread/INFO]: Preparing start region for level 2 (Seed: 3363996879746144656)
[14:58:58] [Server thread/INFO]: Done (0.587s)! For help, type "help" or "?"
[14:58:58] [Server thread/INFO]: Timings Reset
[14:59:40] [User Authenticator #1/INFO]: UUID of player Catfoolyou is 065a413c-dd75-3daa-a42a-c10af09f9623
[14:59:40] [Server thread/INFO]: Catfoolyou[/127.0.0.1:49012] logged in with entity id 11 at ([world]10.5, 63.0, 250.5)
[14:59:40] [Server thread/INFO]: Catfoolyou lost connection: Disconnected
[14:59:40] [Server thread/INFO]: Catfoolyou left the game
[15:03:25] [User Authenticator #2/INFO]: UUID of player Catfoolyou is 065a413c-dd75-3daa-a42a-c10af09f9623
[15:03:25] [Server thread/INFO]: Catfoolyou[/127.0.0.1:46372] logged in with entity id 12 at ([world]10.5, 63.0, 250.5)
[15:03:25] [Server thread/INFO]: Catfoolyou lost connection: Disconnected
[15:03:25] [Server thread/INFO]: Catfoolyou left the game
