[13:37:56] [main/INFO]: Using mbed TLS based native cipher.
[13:37:56] [main/INFO]: Using zlib based native compressor.
[13:37:56] [main/INFO]: Enabled Waterfall version git:Waterfall-Bootstrap:1.19-R0.1-SNAPSHOT:dca72c2:511
[13:37:56] [main/INFO]: Not on Windows, attempting to use enhanced EpollEventLoop
[13:37:56] [main/INFO]: Epoll is working, utilising it!
[13:37:56] [main/INFO]: Discovered module: ModuleSpec(name=cmd_alert, file=modules/cmd_alert.jar, provider=JenkinsModuleSource())
[13:37:56] [main/INFO]: Discovered module: ModuleSpec(name=cmd_find, file=modules/cmd_find.jar, provider=JenkinsModuleSource())
[13:37:56] [main/INFO]: Discovered module: ModuleSpec(name=cmd_list, file=modules/cmd_list.jar, provider=JenkinsModuleSource())
[13:37:56] [main/INFO]: Discovered module: ModuleSpec(name=cmd_send, file=modules/cmd_send.jar, provider=JenkinsModuleSource())
[13:37:56] [main/INFO]: Discovered module: ModuleSpec(name=cmd_server, file=modules/cmd_server.jar, provider=JenkinsModuleSource())
[13:37:56] [main/INFO]: Discovered module: ModuleSpec(name=reconnect_yaml, file=modules/reconnect_yaml.jar, provider=JenkinsModuleSource())
[13:37:56] [main/INFO]: Loaded plugin reconnect_yaml version git:reconnect_yaml:1.19-R0.1-SNAPSHOT:dca72c2:511 by WaterfallMC
[13:37:56] [main/INFO]: Loaded plugin cmd_find version git:cmd_find:1.19-R0.1-SNAPSHOT:dca72c2:511 by WaterfallMC
[13:37:56] [main/INFO]: Loaded plugin cmd_server version git:cmd_server:1.19-R0.1-SNAPSHOT:dca72c2:511 by WaterfallMC
[13:37:56] [main/INFO]: Loaded plugin cmd_alert version git:cmd_alert:1.19-R0.1-SNAPSHOT:dca72c2:511 by WaterfallMC
[13:37:56] [main/INFO]: Loaded plugin cmd_send version git:cmd_send:1.19-R0.1-SNAPSHOT:dca72c2:511 by WaterfallMC
[13:37:56] [main/INFO]: Loaded plugin cmd_list version git:cmd_list:1.19-R0.1-SNAPSHOT:dca72c2:511 by WaterfallMC
[13:37:56] [main/WARN]: :>:>:>:>:>:>:>:>:>:>:>:>:>:>:>:>:>:>:>:>:>:>:>
[13:37:56] [main/WARN]: :>  
[13:37:56] [main/WARN]: :>      EAGLERCRAFTXBUNGEE WARNING:
[13:37:56] [main/WARN]: :>  
[13:37:56] [main/WARN]: :>  This plugin wasn't tested to be 'working'
[13:37:56] [main/WARN]: :>  with ANY version of BungeeCord (and forks)
[13:37:56] [main/WARN]: :>  apart from the versions listed below:
[13:37:56] [main/WARN]: :>  
[13:37:56] [main/WARN]: :>  - BungeeCord: 1.21-R0.1-SNAPSHOT:8a88ce4:1849
[13:37:56] [main/WARN]: :>  - Waterfall: 1.21-R0.1-SNAPSHOT:de8345a:579
[13:37:56] [main/WARN]: :>  
[13:37:56] [main/WARN]: :>  This is not a Bukkit/Spigot plugin!
[13:37:56] [main/WARN]: :>  
[13:37:56] [main/WARN]: :>  Use "-Deaglerxbungee.stfu=true" to hide
[13:37:56] [main/WARN]: :>  
[13:37:56] [main/WARN]: :>:>:>:>:>:>:>:>:>:>:>:>:>:>:>:>:>:>:>:>:>:>:>
[13:37:56] [main/INFO]: Loaded plugin EaglercraftXBungee version 1.2.6 by lax1dude
[13:37:56] [main/WARN]: Forced host server pvp is not defined
[13:37:56] [main/INFO]: Enabled plugin reconnect_yaml version git:reconnect_yaml:1.19-R0.1-SNAPSHOT:dca72c2:511 by WaterfallMC
[13:37:56] [main/INFO]: Enabled plugin cmd_find version git:cmd_find:1.19-R0.1-SNAPSHOT:dca72c2:511 by WaterfallMC
[13:37:56] [main/INFO]: Enabled plugin cmd_server version git:cmd_server:1.19-R0.1-SNAPSHOT:dca72c2:511 by WaterfallMC
[13:37:56] [main/INFO]: Enabled plugin cmd_alert version git:cmd_alert:1.19-R0.1-SNAPSHOT:dca72c2:511 by WaterfallMC
[13:37:56] [main/INFO]: Enabled plugin cmd_send version git:cmd_send:1.19-R0.1-SNAPSHOT:dca72c2:511 by WaterfallMC
[13:37:56] [main/INFO]: Enabled plugin cmd_list version git:cmd_list:1.19-R0.1-SNAPSHOT:dca72c2:511 by WaterfallMC
[13:37:56] [main/ERROR] [EaglercraftXBungee]: Online mode is set to false! Authentication system has been disabled
[13:37:56] [Netty Boss IO Thread #0/INFO] [EaglercraftXBungee]: Eaglercraft is listening on: /0.0.0.0:8081
[13:37:56] [main/INFO] [EaglercraftXBungee]: Downloading from maven: https://repo1.maven.org/maven2/org/xerial/sqlite-jdbc/3.45.0.0/sqlite-jdbc-3.45.0.0.jar
[13:37:57] [EaglerXBungee: Network Tick Tasks/ERROR] [EaglercraftXBungee]: Failed to download certificate: https://eaglercraft.com/backup.cert
[13:37:57] [EaglerXBungee: Network Tick Tasks/ERROR] [EaglercraftXBungee]: Reason: java.net.ConnectException: Connection refused
[13:37:57] [EaglerXBungee: Network Tick Tasks/ERROR] [EaglercraftXBungee]: Failed to download certificate: https://deev.is/eagler/backup.cert
[13:37:57] [EaglerXBungee: Network Tick Tasks/ERROR] [EaglercraftXBungee]: Reason: java.net.ConnectException: Connection refused
[13:37:58] [main/INFO] [EaglercraftXBungee]: Connected to database: jdbc:sqlite:eaglercraft_skins_cache.db
[13:37:58] [main/INFO] [EaglercraftXBungee]: Voice chat disabled, add "allow_voice: true" to your listeners to enable
[13:37:58] [main/INFO]: Enabled plugin EaglercraftXBungee version 1.2.6 by lax1dude
[13:37:58] [Netty Boss IO Thread #1/INFO]: Listening on /127.0.0.1:25577
[13:38:55] [Netty Worker IO Thread #0/INFO] [EaglercraftXBungee]: [/127.0.0.1:50896]: Connected via websocket
[13:38:55] [Netty Worker IO Thread #0/INFO] [EaglercraftXBungee]: [/127.0.0.1:50896]: No origin header is present!
[13:38:56] [Netty Worker IO Thread #0/INFO] [EaglercraftXBungee]: [/127.0.0.1:50896]: Logged in as 'Catfoolyou'
[13:38:56] [Netty Worker IO Thread #0/INFO]: [/127.0.0.1:50896|Catfoolyou] -> UpstreamBridge has connected
[13:38:56] [Netty Worker IO Thread #0/INFO]: [Catfoolyou|/127.0.0.1:50896] <-> ServerConnector [lobby] has connected
[13:38:57] [Netty Worker IO Thread #0/WARN]: [/127.0.0.1:50896|Catfoolyou] -> UpstreamBridge - NativeIoException: recvAddress(..) failed: Connection reset by peer
[13:38:57] [Netty Worker IO Thread #0/INFO]: [Catfoolyou] disconnected with: NativeIoException : recvAddress(..) failed: Connection reset by peer
[13:38:57] [Netty Worker IO Thread #0/INFO]: [/127.0.0.1:50896|Catfoolyou] <-> DownstreamBridge <-> [lobby] has disconnected
[13:38:57] [Netty Worker IO Thread #0/INFO]: [/127.0.0.1:50896|Catfoolyou] -> UpstreamBridge has disconnected
[13:45:52] [Shutdown Thread/INFO]: Closing listener [id: 0x8ea25d1f, L:/127.0.0.1:25577]
[13:45:52] [Shutdown Thread/INFO]: Closing pending connections
[13:45:52] [Shutdown Thread/INFO]: Disconnecting 0 connections
[13:45:52] [Shutdown Thread/INFO]: Disabling plugins
[13:45:52] [Shutdown Thread/INFO] [EaglercraftXBungee]: Eaglercraft listener closed: /0.0.0.0:8081
[13:45:52] [Shutdown Thread/INFO] [EaglercraftXBungee]: Successfully disconnected from database 'jdbc:sqlite:eaglercraft_skins_cache.db'
[13:45:52] [Shutdown Thread/INFO]: Closing IO threads
[13:45:54] [Shutdown Thread/INFO]: Thank you and goodbye
